0 verbose cli C:\Program Files\nodejs\node.exe C:\Users\davi.peixoto\AppData\Roaming\npm\node_modules\npm\bin\npm-cli.js
1 info using npm@11.3.0
2 info using node@v22.18.0
3 silly config load:file:C:\Users\davi.peixoto\AppData\Roaming\npm\node_modules\npm\npmrc
4 silly config load:file:C:\SERVIDOR\app-frauda\.npmrc
5 silly config load:file:C:\Users\davi.peixoto\.npmrc
6 silly config load:file:C:\Users\davi.peixoto\AppData\Roaming\npm\etc\npmrc
7 verbose title npm install express-session
8 verbose argv "install" "express-session"
9 verbose logfile logs-max:10 dir:C:\SERVIDOR\app-frauda\Usersdavi.peixotoAppDataLocalnpm-cache\_logs\2025-11-29T19_10_39_176Z-
10 verbose logfile C:\SERVIDOR\app-frauda\Usersdavi.peixotoAppDataLocalnpm-cache\_logs\2025-11-29T19_10_39_176Z-debug-0.log
11 silly logfile done cleaning log files
12 silly packumentCache heap:4345298944 maxSize:1086324736 maxEntrySize:543162368
13 silly idealTree buildDeps
14 silly fetch manifest express-session@*
15 silly packumentCache full:https://registry.npmjs.org/express-session cache-miss
16 http fetch GET 200 https://registry.npmjs.org/express-session 245ms (cache miss)
17 silly packumentCache full:https://registry.npmjs.org/express-session set size:undefined disposed:false
18 silly placeDep ROOT express-session@1.18.2 OK for: frauda-sorteio@1.0.0 want: *
19 silly fetch manifest cookie@0.7.2
20 silly packumentCache full:https://registry.npmjs.org/cookie cache-miss
21 silly fetch manifest cookie-signature@1.0.7
22 silly packumentCache full:https://registry.npmjs.org/cookie-signature cache-miss
23 silly fetch manifest on-headers@~1.1.0
24 silly packumentCache full:https://registry.npmjs.org/on-headers cache-miss
25 silly fetch manifest uid-safe@~2.1.5
26 silly packumentCache full:https://registry.npmjs.org/uid-safe cache-miss
27 http fetch GET 200 https://registry.npmjs.org/on-headers 50ms (cache miss)
28 silly packumentCache full:https://registry.npmjs.org/on-headers set size:undefined disposed:false
29 http fetch GET 200 https://registry.npmjs.org/cookie 72ms (cache revalidated)
30 silly packumentCache full:https://registry.npmjs.org/cookie set size:72891 disposed:false
31 http fetch GET 200 https://registry.npmjs.org/cookie-signature 131ms (cache revalidated)
32 silly packumentCache full:https://registry.npmjs.org/cookie-signature set size:21777 disposed:false
33 http fetch GET 200 https://registry.npmjs.org/uid-safe 143ms (cache miss)
34 silly packumentCache full:https://registry.npmjs.org/uid-safe set size:undefined disposed:false
35 silly placeDep node_modules/express-session cookie@0.7.2 OK for: express-session@1.18.2 want: 0.7.2
36 silly placeDep node_modules/express-session cookie-signature@1.0.7 OK for: express-session@1.18.2 want: 1.0.7
37 silly placeDep ROOT on-headers@1.1.0 OK for: express-session@1.18.2 want: ~1.1.0
38 silly placeDep ROOT uid-safe@2.1.5 OK for: express-session@1.18.2 want: ~2.1.5
39 silly fetch manifest random-bytes@~1.0.0
40 silly packumentCache full:https://registry.npmjs.org/random-bytes cache-miss
41 http fetch GET 200 https://registry.npmjs.org/random-bytes 91ms (cache miss)
42 silly packumentCache full:https://registry.npmjs.org/random-bytes set size:undefined disposed:false
43 silly placeDep ROOT random-bytes@1.0.0 OK for: uid-safe@2.1.5 want: ~1.0.0
44 silly reify moves {}
45 silly audit bulk request {
45 silly audit   '@gar/promisify': [ '1.1.3' ],
45 silly audit   '@npmcli/fs': [ '1.1.1' ],
45 silly audit   '@npmcli/move-file': [ '1.1.2' ],
45 silly audit   '@tootallnate/once': [ '1.1.2' ],
45 silly audit   abbrev: [ '1.1.1' ],
45 silly audit   accepts: [ '1.3.8' ],
45 silly audit   'agent-base': [ '6.0.2' ],
45 silly audit   debug: [ '4.4.3', '2.6.9' ],
45 silly audit   ms: [ '2.1.3', '2.0.0' ],
45 silly audit   agentkeepalive: [ '4.6.0' ],
45 silly audit   'aggregate-error': [ '3.1.0' ],
45 silly audit   'ansi-regex': [ '5.0.1' ],
45 silly audit   aproba: [ '2.1.0' ],
45 silly audit   'are-we-there-yet': [ '3.0.1' ],
45 silly audit   'array-flatten': [ '1.1.1' ],
45 silly audit   async: [ '3.2.6' ],
45 silly audit   'balanced-match': [ '1.0.2' ],
45 silly audit   'base64-js': [ '1.5.1' ],
45 silly audit   bindings: [ '1.5.0' ],
45 silly audit   bl: [ '4.1.0' ],
45 silly audit   'body-parser': [ '1.20.3' ],
45 silly audit   'brace-expansion': [ '2.0.2', '1.1.12' ],
45 silly audit   buffer: [ '5.7.1' ],
45 silly audit   bytes: [ '3.1.2' ],
45 silly audit   cacache: [ '15.3.0' ],
45 silly audit   'call-bind-apply-helpers': [ '1.0.2' ],
45 silly audit   'call-bound': [ '1.0.4' ],
45 silly audit   chownr: [ '2.0.0', '1.1.4' ],
45 silly audit   'clean-stack': [ '2.2.0' ],
45 silly audit   'color-support': [ '1.1.3' ],
45 silly audit   'concat-map': [ '0.0.1' ],
45 silly audit   'console-control-strings': [ '1.1.0' ],
45 silly audit   'content-disposition': [ '0.5.4' ],
45 silly audit   'content-type': [ '1.0.5' ],
45 silly audit   cookie: [ '0.7.1', '0.7.2' ],
45 silly audit   'cookie-signature': [ '1.0.6', '1.0.7' ],
45 silly audit   'decompress-response': [ '6.0.0' ],
45 silly audit   'deep-extend': [ '0.6.0' ],
45 silly audit   delegates: [ '1.0.0' ],
45 silly audit   depd: [ '2.0.0' ],
45 silly audit   destroy: [ '1.2.0' ],
45 silly audit   'detect-libc': [ '2.1.2' ],
45 silly audit   'dunder-proto': [ '1.0.1' ],
45 silly audit   'ee-first': [ '1.1.1' ],
45 silly audit   ejs: [ '3.1.10' ],
45 silly audit   'emoji-regex': [ '8.0.0' ],
45 silly audit   encodeurl: [ '2.0.0', '1.0.2' ],
45 silly audit   encoding: [ '0.1.13' ],
45 silly audit   'iconv-lite': [ '0.6.3', '0.4.24' ],
45 silly audit   'end-of-stream': [ '1.4.5' ],
45 silly audit   'env-paths': [ '2.2.1' ],
45 silly audit   'err-code': [ '2.0.3' ],
45 silly audit   'es-define-property': [ '1.0.1' ],
45 silly audit   'es-errors': [ '1.3.0' ],
45 silly audit   'es-object-atoms': [ '1.1.1' ],
45 silly audit   'escape-html': [ '1.0.3' ],
45 silly audit   etag: [ '1.8.1' ],
45 silly audit   'expand-template': [ '2.0.3' ],
45 silly audit   express: [ '4.21.2' ],
45 silly audit   'file-uri-to-path': [ '1.0.0' ],
45 silly audit   filelist: [ '1.0.4' ],
45 silly audit   finalhandler: [ '1.3.1' ],
45 silly audit   forwarded: [ '0.2.0' ],
45 silly audit   fresh: [ '0.5.2' ],
45 silly audit   'fs-constants': [ '1.0.0' ],
45 silly audit   'fs-minipass': [ '2.1.0' ],
45 silly audit   'fs.realpath': [ '1.0.0' ],
45 silly audit   'function-bind': [ '1.1.2' ],
45 silly audit   gauge: [ '4.0.4' ],
45 silly audit   'get-intrinsic': [ '1.3.0' ],
45 silly audit   'get-proto': [ '1.0.1' ],
45 silly audit   'github-from-package': [ '0.0.0' ],
45 silly audit   glob: [ '7.2.3' ],
45 silly audit   minimatch: [ '3.1.2', '5.1.6' ],
45 silly audit   gopd: [ '1.2.0' ],
45 silly audit   'graceful-fs': [ '4.2.11' ],
45 silly audit   'has-symbols': [ '1.1.0' ],
45 silly audit   'has-unicode': [ '2.0.1' ],
45 silly audit   hasown: [ '2.0.2' ],
45 silly audit   'http-cache-semantics': [ '4.2.0' ],
45 silly audit   'http-errors': [ '2.0.0' ],
45 silly audit   'http-proxy-agent': [ '4.0.1' ],
45 silly audit   'https-proxy-agent': [ '5.0.1' ],
45 silly audit   'humanize-ms': [ '1.2.1' ],
45 silly audit   ieee754: [ '1.2.1' ],
45 silly audit   imurmurhash: [ '0.1.4' ],
45 silly audit   'indent-string': [ '4.0.0' ],
45 silly audit   'infer-owner': [ '1.0.4' ],
45 silly audit   inflight: [ '1.0.6' ],
45 silly audit   inherits: [ '2.0.4' ],
45 silly audit   ini: [ '1.3.8' ],
45 silly audit   'ip-address': [ '10.1.0' ],
45 silly audit   'ipaddr.js': [ '1.9.1' ],
45 silly audit   'is-fullwidth-code-point': [ '3.0.0' ],
45 silly audit   'is-lambda': [ '1.0.1' ],
45 silly audit   isexe: [ '2.0.0' ],
45 silly audit   jake: [ '10.9.4' ],
45 silly audit   'lru-cache': [ '6.0.0' ],
45 silly audit   'make-fetch-happen': [ '9.1.0' ],
45 silly audit   'math-intrinsics': [ '1.1.0' ],
45 silly audit   'media-typer': [ '0.3.0' ],
45 silly audit   'merge-descriptors': [ '1.0.3' ],
45 silly audit   methods: [ '1.1.2' ],
45 silly audit   mime: [ '1.6.0' ],
45 silly audit   'mime-db': [ '1.52.0' ],
45 silly audit   'mime-types': [ '2.1.35' ],
45 silly audit   'mimic-response': [ '3.1.0' ],
45 silly audit   minimist: [ '1.2.8' ],
45 silly audit   minipass: [ '3.3.6', '5.0.0' ],
45 silly audit   'minipass-collect': [ '1.0.2' ],
45 silly audit   'minipass-fetch': [ '1.4.1' ],
45 silly audit   'minipass-flush': [ '1.0.5' ],
45 silly audit   'minipass-pipeline': [ '1.2.4' ],
45 silly audit   'minipass-sized': [ '1.0.3' ],
45 silly audit   minizlib: [ '2.1.2' ],
45 silly audit   mkdirp: [ '1.0.4' ],
45 silly audit   'mkdirp-classic': [ '0.5.3' ],
45 silly audit   'napi-build-utils': [ '2.0.0' ],
45 silly audit   negotiator: [ '0.6.3' ],
45 silly audit   'node-abi': [ '3.85.0' ],
45 silly audit   'node-addon-api': [ '7.1.1' ],
45 silly audit   'node-gyp': [ '8.4.1' ],
45 silly audit   nopt: [ '5.0.0' ],
45 silly audit   npmlog: [ '6.0.2' ],
45 silly audit   'object-inspect': [ '1.13.4' ],
45 silly audit   'on-finished': [ '2.4.1' ],
45 silly audit   once: [ '1.4.0' ],
45 silly audit   'p-map': [ '4.0.0' ],
45 silly audit   parseurl: [ '1.3.3' ],
45 silly audit   'path-is-absolute': [ '1.0.1' ],
45 silly audit   'path-to-regexp': [ '0.1.12' ],
45 silly audit   picocolors: [ '1.1.1' ],
45 silly audit   'prebuild-install': [ '7.1.3' ],
45 silly audit   'promise-inflight': [ '1.0.1' ],
45 silly audit   'promise-retry': [ '2.0.1' ],
45 silly audit   'proxy-addr': [ '2.0.7' ],
45 silly audit   pump: [ '3.0.3' ],
45 silly audit   qs: [ '6.13.0' ],
45 silly audit   'range-parser': [ '1.2.1' ],
45 silly audit   'raw-body': [ '2.5.2' ],
45 silly audit   rc: [ '1.2.8' ],
45 silly audit   'readable-stream': [ '3.6.2' ],
45 silly audit   retry: [ '0.12.0' ],
45 silly audit   rimraf: [ '3.0.2' ],
45 silly audit   'safe-buffer': [ '5.2.1' ],
45 silly audit   'safer-buffer': [ '2.1.2' ],
45 silly audit   semver: [ '7.7.3' ],
45 silly audit   send: [ '0.19.0' ],
45 silly audit   'serve-static': [ '1.16.2' ],
45 silly audit   'set-blocking': [ '2.0.0' ],
45 silly audit   setprototypeof: [ '1.2.0' ],
45 silly audit   'side-channel': [ '1.1.0' ],
45 silly audit   'side-channel-list': [ '1.0.0' ],
45 silly audit   'side-channel-map': [ '1.0.1' ],
45 silly audit   'side-channel-weakmap': [ '1.0.2' ],
45 silly audit   'signal-exit': [ '3.0.7' ],
45 silly audit   'simple-concat': [ '1.0.1' ],
45 silly audit   'simple-get': [ '4.0.1' ],
45 silly audit   'smart-buffer': [ '4.2.0' ],
45 silly audit   socks: [ '2.8.7' ],
45 silly audit   'socks-proxy-agent': [ '6.2.1' ],
45 silly audit   sqlite3: [ '5.1.7' ],
45 silly audit   ssri: [ '8.0.1' ],
45 silly audit   statuses: [ '2.0.1' ],
45 silly audit   string_decoder: [ '1.3.0' ],
45 silly audit   'string-width': [ '4.2.3' ],
45 silly audit   'strip-ansi': [ '6.0.1' ],
45 silly audit   'strip-json-comments': [ '2.0.1' ],
45 silly audit   tar: [ '6.2.1' ],
45 silly audit   'tar-fs': [ '2.1.4' ],
45 silly audit   'tar-stream': [ '2.2.0' ],
45 silly audit   toidentifier: [ '1.0.1' ],
45 silly audit   'tunnel-agent': [ '0.6.0' ],
45 silly audit   'type-is': [ '1.6.18' ],
45 silly audit   'unique-filename': [ '1.1.1' ],
45 silly audit   'unique-slug': [ '2.0.2' ],
45 silly audit   unpipe: [ '1.0.0' ],
45 silly audit   'util-deprecate': [ '1.0.2' ],
45 silly audit   'utils-merge': [ '1.0.1' ],
45 silly audit   vary: [ '1.1.2' ],
45 silly audit   which: [ '2.0.2' ],
45 silly audit   'wide-align': [ '1.1.5' ],
45 silly audit   wrappy: [ '1.0.2' ],
45 silly audit   yallist: [ '4.0.0' ],
45 silly audit   'express-session': [ '1.18.2' ],
45 silly audit   'on-headers': [ '1.1.0' ],
45 silly audit   'uid-safe': [ '2.1.5' ],
45 silly audit   'random-bytes': [ '1.0.0' ]
45 silly audit }
46 http cache random-bytes@https://registry.npmjs.org/random-bytes/-/random-bytes-1.0.0.tgz 0ms (cache hit)
47 http cache cookie-signature@https://registry.npmjs.org/cookie-signature/-/cookie-signature-1.0.7.tgz 0ms (cache hit)
48 http cache uid-safe@https://registry.npmjs.org/uid-safe/-/uid-safe-2.1.5.tgz 0ms (cache hit)
49 http cache cookie@https://registry.npmjs.org/cookie/-/cookie-0.7.2.tgz 0ms (cache hit)
50 silly tarball no local data for random-bytes@https://registry.npmjs.org/random-bytes/-/random-bytes-1.0.0.tgz. Extracting by manifest.
51 silly tarball no local data for cookie-signature@https://registry.npmjs.org/cookie-signature/-/cookie-signature-1.0.7.tgz. Extracting by manifest.
52 http cache on-headers@https://registry.npmjs.org/on-headers/-/on-headers-1.1.0.tgz 0ms (cache hit)
53 silly tarball no local data for uid-safe@https://registry.npmjs.org/uid-safe/-/uid-safe-2.1.5.tgz. Extracting by manifest.
54 http cache express-session@https://registry.npmjs.org/express-session/-/express-session-1.18.2.tgz 0ms (cache hit)
55 silly tarball no local data for cookie@https://registry.npmjs.org/cookie/-/cookie-0.7.2.tgz. Extracting by manifest.
56 silly tarball no local data for on-headers@https://registry.npmjs.org/on-headers/-/on-headers-1.1.0.tgz. Extracting by manifest.
57 silly tarball no local data for express-session@https://registry.npmjs.org/express-session/-/express-session-1.18.2.tgz. Extracting by manifest.
58 http fetch GET 200 https://registry.npmjs.org/cookie-signature/-/cookie-signature-1.0.7.tgz 102ms (cache miss)
59 http fetch GET 200 https://registry.npmjs.org/random-bytes/-/random-bytes-1.0.0.tgz 105ms (cache miss)
60 http fetch GET 200 https://registry.npmjs.org/uid-safe/-/uid-safe-2.1.5.tgz 104ms (cache miss)
61 http fetch GET 200 https://registry.npmjs.org/on-headers/-/on-headers-1.1.0.tgz 103ms (cache miss)
62 http fetch GET 200 https://registry.npmjs.org/cookie/-/cookie-0.7.2.tgz 110ms (cache miss)
63 http fetch GET 200 https://registry.npmjs.org/express-session/-/express-session-1.18.2.tgz 133ms (cache miss)
64 http fetch POST 200 https://registry.npmjs.org/-/npm/v1/security/advisories/bulk 302ms
65 silly audit report {}
66 silly ADD node_modules/random-bytes
67 silly ADD node_modules/uid-safe
68 silly ADD node_modules/on-headers
69 silly ADD node_modules/express-session
70 silly ADD node_modules/express-session/node_modules/cookie-signature
71 silly ADD node_modules/express-session/node_modules/cookie
72 verbose cwd C:\SERVIDOR\app-frauda
73 verbose os Windows_NT 10.0.22631
74 verbose node v22.18.0
75 verbose npm  v11.3.0
76 verbose exit 0
77 info ok
