0 verbose cli C:\Program Files\nodejs\node.exe C:\Users\davi.peixoto\AppData\Roaming\npm\node_modules\npm\bin\npm-cli.js
1 info using npm@11.3.0
2 info using node@v22.18.0
3 silly config load:file:C:\Users\davi.peixoto\AppData\Roaming\npm\node_modules\npm\npmrc
4 silly config load:file:C:\SERVIDOR\app-frauda\.npmrc
5 silly config load:file:C:\Users\davi.peixoto\.npmrc
6 silly config load:file:C:\Users\davi.peixoto\AppData\Roaming\npm\etc\npmrc
7 verbose title npm install @vercel/postgres
8 verbose argv "install" "@vercel/postgres"
9 verbose logfile logs-max:10 dir:C:\SERVIDOR\app-frauda\Usersdavi.peixotoAppDataLocalnpm-cache\_logs\2025-11-29T19_54_21_736Z-
10 verbose logfile C:\SERVIDOR\app-frauda\Usersdavi.peixotoAppDataLocalnpm-cache\_logs\2025-11-29T19_54_21_736Z-debug-0.log
11 silly logfile start cleaning logs, removing 1 files
12 silly packumentCache heap:4345298944 maxSize:1086324736 maxEntrySize:543162368
13 silly logfile done cleaning log files
14 silly idealTree buildDeps
15 silly fetch manifest @vercel/postgres@*
16 silly packumentCache full:https://registry.npmjs.org/@vercel%2fpostgres cache-miss
17 http fetch GET 200 https://registry.npmjs.org/@vercel%2fpostgres 449ms (cache miss)
18 silly packumentCache full:https://registry.npmjs.org/@vercel%2fpostgres set size:undefined disposed:false
19 silly placeDep ROOT @vercel/postgres@0.10.0 OK for: frauda-sorteio@1.0.0 want: *
20 silly fetch manifest ws@^8.17.1
21 silly packumentCache full:https://registry.npmjs.org/ws cache-miss
22 silly fetch manifest bufferutil@^4.0.8
23 silly packumentCache full:https://registry.npmjs.org/bufferutil cache-miss
24 silly fetch manifest @neondatabase/serverless@^0.9.3
25 silly packumentCache full:https://registry.npmjs.org/@neondatabase%2fserverless cache-miss
26 http fetch GET 200 https://registry.npmjs.org/ws 139ms (cache miss)
27 silly packumentCache full:https://registry.npmjs.org/ws set size:undefined disposed:false
28 http fetch GET 200 https://registry.npmjs.org/bufferutil 223ms (cache miss)
29 silly packumentCache full:https://registry.npmjs.org/bufferutil set size:undefined disposed:false
30 http fetch GET 200 https://registry.npmjs.org/@neondatabase%2fserverless 559ms (cache miss)
31 silly packumentCache full:https://registry.npmjs.org/@neondatabase%2fserverless set size:undefined disposed:false
32 silly fetch manifest utf-8-validate@>=5.0.2
33 silly packumentCache full:https://registry.npmjs.org/utf-8-validate cache-miss
34 http fetch GET 200 https://registry.npmjs.org/utf-8-validate 52ms (cache miss)
35 silly packumentCache full:https://registry.npmjs.org/utf-8-validate set size:undefined disposed:false
36 silly placeDep ROOT @neondatabase/serverless@0.9.5 OK for: @vercel/postgres@0.10.0 want: ^0.9.3
37 silly placeDep ROOT bufferutil@4.0.9 OK for: @vercel/postgres@0.10.0 want: ^4.0.8
38 silly placeDep ROOT ws@8.18.3 OK for: @vercel/postgres@0.10.0 want: ^8.17.1
39 silly fetch manifest @types/pg@8.11.6
40 silly packumentCache full:https://registry.npmjs.org/@types%2fpg cache-miss
41 silly fetch manifest node-gyp-build@^4.3.0
42 silly packumentCache full:https://registry.npmjs.org/node-gyp-build cache-miss
43 http fetch GET 200 https://registry.npmjs.org/@types%2fpg 168ms (cache miss)
44 silly packumentCache full:https://registry.npmjs.org/@types%2fpg set size:undefined disposed:false
45 http fetch GET 200 https://registry.npmjs.org/node-gyp-build 735ms (cache miss)
46 silly packumentCache full:https://registry.npmjs.org/node-gyp-build set size:undefined disposed:false
47 silly placeDep ROOT @types/pg@8.11.6 OK for: @neondatabase/serverless@0.9.5 want: 8.11.6
48 silly fetch manifest pg-types@^4.0.1
49 silly packumentCache full:https://registry.npmjs.org/pg-types cache-miss
50 silly fetch manifest @types/node@*
51 silly packumentCache full:https://registry.npmjs.org/@types%2fnode cache-miss
52 silly fetch manifest pg-protocol@*
53 silly packumentCache full:https://registry.npmjs.org/pg-protocol cache-miss
54 http fetch GET 200 https://registry.npmjs.org/pg-protocol 50ms (cache miss)
55 silly packumentCache full:https://registry.npmjs.org/pg-protocol set size:undefined disposed:false
56 http fetch GET 200 https://registry.npmjs.org/pg-types 95ms (cache miss)
57 silly packumentCache full:https://registry.npmjs.org/pg-types set size:undefined disposed:false
58 http fetch GET 200 https://registry.npmjs.org/@types%2fnode 1075ms (cache miss)
59 silly packumentCache full:https://registry.npmjs.org/@types%2fnode set size:undefined disposed:false
60 silly placeDep ROOT @types/node@24.10.1 OK for: @types/pg@8.11.6 want: *
61 silly placeDep ROOT pg-protocol@1.10.3 OK for: @types/pg@8.11.6 want: *
62 silly placeDep ROOT pg-types@4.1.0 OK for: @types/pg@8.11.6 want: ^4.0.1
63 silly fetch manifest undici-types@~7.16.0
64 silly packumentCache full:https://registry.npmjs.org/undici-types cache-miss
65 silly fetch manifest pg-int8@1.0.1
66 silly packumentCache full:https://registry.npmjs.org/pg-int8 cache-miss
67 silly fetch manifest pg-numeric@1.0.2
68 silly packumentCache full:https://registry.npmjs.org/pg-numeric cache-miss
69 silly fetch manifest postgres-array@~3.0.1
70 silly packumentCache full:https://registry.npmjs.org/postgres-array cache-miss
71 silly fetch manifest postgres-bytea@~3.0.0
72 silly packumentCache full:https://registry.npmjs.org/postgres-bytea cache-miss
73 silly fetch manifest postgres-date@~2.1.0
74 silly packumentCache full:https://registry.npmjs.org/postgres-date cache-miss
75 silly fetch manifest postgres-interval@^3.0.0
76 silly packumentCache full:https://registry.npmjs.org/postgres-interval cache-miss
77 http fetch GET 200 https://registry.npmjs.org/pg-int8 70ms (cache miss)
78 silly packumentCache full:https://registry.npmjs.org/pg-int8 set size:undefined disposed:false
79 silly fetch manifest postgres-range@^1.1.1
80 silly packumentCache full:https://registry.npmjs.org/postgres-range cache-miss
81 http fetch GET 200 https://registry.npmjs.org/postgres-array 91ms (cache miss)
82 silly packumentCache full:https://registry.npmjs.org/postgres-array set size:undefined disposed:false
83 http fetch GET 200 https://registry.npmjs.org/pg-numeric 108ms (cache miss)
84 silly packumentCache full:https://registry.npmjs.org/pg-numeric set size:undefined disposed:false
85 http fetch GET 200 https://registry.npmjs.org/postgres-bytea 133ms (cache miss)
86 silly packumentCache full:https://registry.npmjs.org/postgres-bytea set size:undefined disposed:false
87 http fetch GET 200 https://registry.npmjs.org/undici-types 150ms (cache miss)
88 silly packumentCache full:https://registry.npmjs.org/undici-types set size:undefined disposed:false
89 http fetch GET 200 https://registry.npmjs.org/postgres-date 152ms (cache miss)
90 silly packumentCache full:https://registry.npmjs.org/postgres-date set size:undefined disposed:false
91 http fetch GET 200 https://registry.npmjs.org/postgres-range 95ms (cache miss)
92 silly packumentCache full:https://registry.npmjs.org/postgres-range set size:undefined disposed:false
93 http fetch GET 200 https://registry.npmjs.org/postgres-interval 291ms (cache miss)
94 silly packumentCache full:https://registry.npmjs.org/postgres-interval set size:undefined disposed:false
95 silly placeDep ROOT undici-types@7.16.0 OK for: @types/node@24.10.1 want: ~7.16.0
96 silly placeDep ROOT node-gyp-build@4.8.4 OK for: bufferutil@4.0.9 want: ^4.3.0
97 silly placeDep ROOT pg-int8@1.0.1 OK for: pg-types@4.1.0 want: 1.0.1
98 silly placeDep ROOT pg-numeric@1.0.2 OK for: pg-types@4.1.0 want: 1.0.2
99 silly placeDep ROOT postgres-array@3.0.4 OK for: pg-types@4.1.0 want: ~3.0.1
100 silly placeDep ROOT postgres-bytea@3.0.0 OK for: pg-types@4.1.0 want: ~3.0.0
101 silly placeDep ROOT postgres-date@2.1.0 OK for: pg-types@4.1.0 want: ~2.1.0
102 silly placeDep ROOT postgres-interval@3.0.0 OK for: pg-types@4.1.0 want: ^3.0.0
103 silly placeDep ROOT postgres-range@1.1.4 OK for: pg-types@4.1.0 want: ^1.1.1
104 silly fetch manifest obuf@~1.1.2
105 silly packumentCache full:https://registry.npmjs.org/obuf cache-miss
106 http fetch GET 200 https://registry.npmjs.org/obuf 57ms (cache miss)
107 silly packumentCache full:https://registry.npmjs.org/obuf set size:undefined disposed:false
108 silly placeDep ROOT obuf@1.1.2 OK for: postgres-bytea@3.0.0 want: ~1.1.2
109 silly reify moves {}
110 silly audit bulk request {
110 silly audit   accepts: [ '1.3.8' ],
110 silly audit   'array-flatten': [ '1.1.1' ],
110 silly audit   async: [ '3.2.6' ],
110 silly audit   'balanced-match': [ '1.0.2' ],
110 silly audit   'body-parser': [ '1.20.3' ],
110 silly audit   'brace-expansion': [ '2.0.2' ],
110 silly audit   bytes: [ '3.1.2' ],
110 silly audit   'call-bind-apply-helpers': [ '1.0.2' ],
110 silly audit   'call-bound': [ '1.0.4' ],
110 silly audit   'content-disposition': [ '0.5.4' ],
110 silly audit   'content-type': [ '1.0.5' ],
110 silly audit   cookie: [ '0.7.1', '0.7.2' ],
110 silly audit   'cookie-signature': [ '1.0.6', '1.0.7' ],
110 silly audit   debug: [ '2.6.9' ],
110 silly audit   depd: [ '2.0.0' ],
110 silly audit   destroy: [ '1.2.0' ],
110 silly audit   'dunder-proto': [ '1.0.1' ],
110 silly audit   'ee-first': [ '1.1.1' ],
110 silly audit   ejs: [ '3.1.10' ],
110 silly audit   encodeurl: [ '2.0.0', '1.0.2' ],
110 silly audit   'es-define-property': [ '1.0.1' ],
110 silly audit   'es-errors': [ '1.3.0' ],
110 silly audit   'es-object-atoms': [ '1.1.1' ],
110 silly audit   'escape-html': [ '1.0.3' ],
110 silly audit   etag: [ '1.8.1' ],
110 silly audit   express: [ '4.21.2' ],
110 silly audit   'express-session': [ '1.18.2' ],
110 silly audit   filelist: [ '1.0.4' ],
110 silly audit   finalhandler: [ '1.3.1' ],
110 silly audit   forwarded: [ '0.2.0' ],
110 silly audit   fresh: [ '0.5.2' ],
110 silly audit   'function-bind': [ '1.1.2' ],
110 silly audit   'get-intrinsic': [ '1.3.0' ],
110 silly audit   'get-proto': [ '1.0.1' ],
110 silly audit   gopd: [ '1.2.0' ],
110 silly audit   'has-symbols': [ '1.1.0' ],
110 silly audit   hasown: [ '2.0.2' ],
110 silly audit   'http-errors': [ '2.0.0' ],
110 silly audit   'iconv-lite': [ '0.4.24' ],
110 silly audit   inherits: [ '2.0.4' ],
110 silly audit   'ipaddr.js': [ '1.9.1' ],
110 silly audit   jake: [ '10.9.4' ],
110 silly audit   'math-intrinsics': [ '1.1.0' ],
110 silly audit   'media-typer': [ '0.3.0' ],
110 silly audit   'merge-descriptors': [ '1.0.3' ],
110 silly audit   methods: [ '1.1.2' ],
110 silly audit   mime: [ '1.6.0' ],
110 silly audit   'mime-db': [ '1.52.0' ],
110 silly audit   'mime-types': [ '2.1.35' ],
110 silly audit   minimatch: [ '5.1.6' ],
110 silly audit   ms: [ '2.0.0', '2.1.3' ],
110 silly audit   negotiator: [ '0.6.3' ],
110 silly audit   'object-inspect': [ '1.13.4' ],
110 silly audit   'on-finished': [ '2.4.1' ],
110 silly audit   'on-headers': [ '1.1.0' ],
110 silly audit   parseurl: [ '1.3.3' ],
110 silly audit   'path-to-regexp': [ '0.1.12' ],
110 silly audit   picocolors: [ '1.1.1' ],
110 silly audit   'proxy-addr': [ '2.0.7' ],
110 silly audit   qs: [ '6.13.0' ],
110 silly audit   'random-bytes': [ '1.0.0' ],
110 silly audit   'range-parser': [ '1.2.1' ],
110 silly audit   'raw-body': [ '2.5.2' ],
110 silly audit   'safe-buffer': [ '5.2.1' ],
110 silly audit   'safer-buffer': [ '2.1.2' ],
110 silly audit   send: [ '0.19.0' ],
110 silly audit   'serve-static': [ '1.16.2' ],
110 silly audit   setprototypeof: [ '1.2.0' ],
110 silly audit   'side-channel': [ '1.1.0' ],
110 silly audit   'side-channel-list': [ '1.0.0' ],
110 silly audit   'side-channel-map': [ '1.0.1' ],
110 silly audit   'side-channel-weakmap': [ '1.0.2' ],
110 silly audit   statuses: [ '2.0.1' ],
110 silly audit   toidentifier: [ '1.0.1' ],
110 silly audit   'type-is': [ '1.6.18' ],
110 silly audit   'uid-safe': [ '2.1.5' ],
110 silly audit   unpipe: [ '1.0.0' ],
110 silly audit   'utils-merge': [ '1.0.1' ],
110 silly audit   vary: [ '1.1.2' ],
110 silly audit   '@vercel/postgres': [ '0.10.0' ],
110 silly audit   '@neondatabase/serverless': [ '0.9.5' ],
110 silly audit   bufferutil: [ '4.0.9' ],
110 silly audit   ws: [ '8.18.3' ],
110 silly audit   '@types/pg': [ '8.11.6' ],
110 silly audit   '@types/node': [ '24.10.1' ],
110 silly audit   'pg-protocol': [ '1.10.3' ],
110 silly audit   'pg-types': [ '4.1.0' ],
110 silly audit   'undici-types': [ '7.16.0' ],
110 silly audit   'node-gyp-build': [ '4.8.4' ],
110 silly audit   'pg-int8': [ '1.0.1' ],
110 silly audit   'pg-numeric': [ '1.0.2' ],
110 silly audit   'postgres-array': [ '3.0.4' ],
110 silly audit   'postgres-bytea': [ '3.0.0' ],
110 silly audit   'postgres-date': [ '2.1.0' ],
110 silly audit   'postgres-interval': [ '3.0.0' ],
110 silly audit   'postgres-range': [ '1.1.4' ],
110 silly audit   obuf: [ '1.1.2' ]
110 silly audit }
111 http cache obuf@https://registry.npmjs.org/obuf/-/obuf-1.1.2.tgz 0ms (cache hit)
112 http cache postgres-range@https://registry.npmjs.org/postgres-range/-/postgres-range-1.1.4.tgz 0ms (cache hit)
113 http cache postgres-interval@https://registry.npmjs.org/postgres-interval/-/postgres-interval-3.0.0.tgz 0ms (cache hit)
114 http cache postgres-date@https://registry.npmjs.org/postgres-date/-/postgres-date-2.1.0.tgz 0ms (cache hit)
115 http cache postgres-bytea@https://registry.npmjs.org/postgres-bytea/-/postgres-bytea-3.0.0.tgz 0ms (cache hit)
116 http cache pg-int8@https://registry.npmjs.org/pg-int8/-/pg-int8-1.0.1.tgz 0ms (cache hit)
117 http cache postgres-array@https://registry.npmjs.org/postgres-array/-/postgres-array-3.0.4.tgz 0ms (cache hit)
118 http cache pg-numeric@https://registry.npmjs.org/pg-numeric/-/pg-numeric-1.0.2.tgz 1ms (cache hit)
119 http cache @types/node@https://registry.npmjs.org/@types/node/-/node-24.10.1.tgz 0ms (cache hit)
120 http cache node-gyp-build@https://registry.npmjs.org/node-gyp-build/-/node-gyp-build-4.8.4.tgz 0ms (cache hit)
121 http cache @types/pg@https://registry.npmjs.org/@types/pg/-/pg-8.11.6.tgz 0ms (cache hit)
122 http cache undici-types@https://registry.npmjs.org/undici-types/-/undici-types-7.16.0.tgz 0ms (cache hit)
123 http cache @neondatabase/serverless@https://registry.npmjs.org/@neondatabase/serverless/-/serverless-0.9.5.tgz 0ms (cache hit)
124 http cache @vercel/postgres@https://registry.npmjs.org/@vercel/postgres/-/postgres-0.10.0.tgz 0ms (cache hit)
125 http cache pg-types@https://registry.npmjs.org/pg-types/-/pg-types-4.1.0.tgz 0ms (cache hit)
126 http cache pg-protocol@https://registry.npmjs.org/pg-protocol/-/pg-protocol-1.10.3.tgz 0ms (cache hit)
127 silly tarball no local data for obuf@https://registry.npmjs.org/obuf/-/obuf-1.1.2.tgz. Extracting by manifest.
128 silly tarball no local data for postgres-range@https://registry.npmjs.org/postgres-range/-/postgres-range-1.1.4.tgz. Extracting by manifest.
129 http cache ws@https://registry.npmjs.org/ws/-/ws-8.18.3.tgz 0ms (cache hit)
130 silly tarball no local data for postgres-interval@https://registry.npmjs.org/postgres-interval/-/postgres-interval-3.0.0.tgz. Extracting by manifest.
131 http cache bufferutil@https://registry.npmjs.org/bufferutil/-/bufferutil-4.0.9.tgz 0ms (cache hit)
132 silly tarball no local data for postgres-date@https://registry.npmjs.org/postgres-date/-/postgres-date-2.1.0.tgz. Extracting by manifest.
133 silly tarball no local data for postgres-bytea@https://registry.npmjs.org/postgres-bytea/-/postgres-bytea-3.0.0.tgz. Extracting by manifest.
134 silly tarball no local data for pg-int8@https://registry.npmjs.org/pg-int8/-/pg-int8-1.0.1.tgz. Extracting by manifest.
135 silly tarball no local data for postgres-array@https://registry.npmjs.org/postgres-array/-/postgres-array-3.0.4.tgz. Extracting by manifest.
136 silly tarball no local data for pg-numeric@https://registry.npmjs.org/pg-numeric/-/pg-numeric-1.0.2.tgz. Extracting by manifest.
137 silly tarball no local data for @types/node@https://registry.npmjs.org/@types/node/-/node-24.10.1.tgz. Extracting by manifest.
138 silly tarball no local data for node-gyp-build@https://registry.npmjs.org/node-gyp-build/-/node-gyp-build-4.8.4.tgz. Extracting by manifest.
139 silly tarball no local data for @types/pg@https://registry.npmjs.org/@types/pg/-/pg-8.11.6.tgz. Extracting by manifest.
140 silly tarball no local data for undici-types@https://registry.npmjs.org/undici-types/-/undici-types-7.16.0.tgz. Extracting by manifest.
141 silly tarball no local data for @neondatabase/serverless@https://registry.npmjs.org/@neondatabase/serverless/-/serverless-0.9.5.tgz. Extracting by manifest.
142 silly tarball no local data for @vercel/postgres@https://registry.npmjs.org/@vercel/postgres/-/postgres-0.10.0.tgz. Extracting by manifest.
143 silly tarball no local data for pg-types@https://registry.npmjs.org/pg-types/-/pg-types-4.1.0.tgz. Extracting by manifest.
144 silly tarball no local data for pg-protocol@https://registry.npmjs.org/pg-protocol/-/pg-protocol-1.10.3.tgz. Extracting by manifest.
145 silly tarball no local data for ws@https://registry.npmjs.org/ws/-/ws-8.18.3.tgz. Extracting by manifest.
146 silly tarball no local data for bufferutil@https://registry.npmjs.org/bufferutil/-/bufferutil-4.0.9.tgz. Extracting by manifest.
147 http fetch GET 200 https://registry.npmjs.org/pg-int8/-/pg-int8-1.0.1.tgz 115ms (cache miss)
148 http fetch GET 200 https://registry.npmjs.org/postgres-interval/-/postgres-interval-3.0.0.tgz 118ms (cache miss)
149 http fetch GET 200 https://registry.npmjs.org/obuf/-/obuf-1.1.2.tgz 126ms (cache miss)
150 http fetch GET 200 https://registry.npmjs.org/pg-types/-/pg-types-4.1.0.tgz 140ms (cache miss)
151 http fetch GET 200 https://registry.npmjs.org/postgres-bytea/-/postgres-bytea-3.0.0.tgz 207ms (cache miss)
152 http fetch GET 200 https://registry.npmjs.org/pg-protocol/-/pg-protocol-1.10.3.tgz 243ms (cache miss)
153 http fetch GET 200 https://registry.npmjs.org/node-gyp-build/-/node-gyp-build-4.8.4.tgz 315ms (cache miss)
154 http fetch GET 200 https://registry.npmjs.org/pg-numeric/-/pg-numeric-1.0.2.tgz 404ms (cache miss)
155 http fetch GET 200 https://registry.npmjs.org/ws/-/ws-8.18.3.tgz 394ms (cache miss)
156 http fetch POST 200 https://registry.npmjs.org/-/npm/v1/security/advisories/bulk 459ms
157 silly audit report {}
158 http fetch GET 200 https://registry.npmjs.org/postgres-date/-/postgres-date-2.1.0.tgz 538ms (cache miss)
159 http fetch GET 200 https://registry.npmjs.org/postgres-range/-/postgres-range-1.1.4.tgz 560ms (cache miss)
160 http fetch GET 200 https://registry.npmjs.org/@vercel/postgres/-/postgres-0.10.0.tgz 577ms (cache miss)
161 http fetch GET 200 https://registry.npmjs.org/undici-types/-/undici-types-7.16.0.tgz 580ms (cache miss)
162 http fetch GET 200 https://registry.npmjs.org/postgres-array/-/postgres-array-3.0.4.tgz 748ms (cache miss)
163 http fetch GET 200 https://registry.npmjs.org/@neondatabase/serverless/-/serverless-0.9.5.tgz 777ms (cache miss)
164 http fetch GET 200 https://registry.npmjs.org/@types/pg/-/pg-8.11.6.tgz 853ms (cache miss)
165 http fetch GET 200 https://registry.npmjs.org/@types/node/-/node-24.10.1.tgz 1106ms (cache miss)
166 http fetch GET 200 https://registry.npmjs.org/bufferutil/-/bufferutil-4.0.9.tgz 1246ms (cache miss)
167 info run bufferutil@4.0.9 install node_modules/bufferutil node-gyp-build
168 info run bufferutil@4.0.9 install { code: 0, signal: null }
169 silly ADD node_modules/obuf
170 silly ADD node_modules/postgres-range
171 silly ADD node_modules/postgres-interval
172 silly ADD node_modules/postgres-date
173 silly ADD node_modules/postgres-bytea
174 silly ADD node_modules/postgres-array
175 silly ADD node_modules/pg-numeric
176 silly ADD node_modules/pg-int8
177 silly ADD node_modules/node-gyp-build
178 silly ADD node_modules/undici-types
179 silly ADD node_modules/pg-types
180 silly ADD node_modules/pg-protocol
181 silly ADD node_modules/@types/node
182 silly ADD node_modules/@types/pg
183 silly ADD node_modules/ws
184 silly ADD node_modules/bufferutil
185 silly ADD node_modules/@neondatabase/serverless
186 silly ADD node_modules/@vercel/postgres
187 verbose cwd C:\SERVIDOR\app-frauda
188 verbose os Windows_NT 10.0.22631
189 verbose node v22.18.0
190 verbose npm  v11.3.0
191 verbose exit 0
192 info ok
