0 verbose cli C:\Program Files\nodejs\node.exe C:\Users\davi.peixoto\AppData\Roaming\npm\node_modules\npm\bin\npm-cli.js
1 info using npm@11.3.0
2 info using node@v22.18.0
3 silly config load:file:C:\Users\davi.peixoto\AppData\Roaming\npm\node_modules\npm\npmrc
4 silly config load:file:C:\SERVIDOR\app-frauda\.npmrc
5 silly config load:file:C:\Users\davi.peixoto\.npmrc
6 silly config load:file:C:\Users\davi.peixoto\AppData\Roaming\npm\etc\npmrc
7 verbose title npm install express
8 verbose argv "install" "express"
9 verbose logfile logs-max:10 dir:C:\SERVIDOR\app-frauda\Usersdavi.peixotoAppDataLocalnpm-cache\_logs\2025-11-29T20_42_29_559Z-
10 verbose logfile C:\SERVIDOR\app-frauda\Usersdavi.peixotoAppDataLocalnpm-cache\_logs\2025-11-29T20_42_29_559Z-debug-0.log
11 silly logfile start cleaning logs, removing 1 files
12 silly packumentCache heap:4345298944 maxSize:1086324736 maxEntrySize:543162368
13 silly logfile done cleaning log files
14 silly idealTree buildDeps
15 silly fetch manifest express@^4.18.2
16 silly packumentCache full:https://registry.npmjs.org/express cache-miss
17 http fetch GET 200 https://registry.npmjs.org/express 530ms (cache revalidated)
18 silly packumentCache full:https://registry.npmjs.org/express set size:796355 disposed:false
19 silly placeDep ROOT express@4.21.2 REPLACE for: frauda-sorteio@1.0.0 want: ^4.18.2
20 silly reify moves {}
21 silly audit bulk request {
21 silly audit   '@neondatabase/serverless': [ '0.9.5' ],
21 silly audit   '@types/node': [ '24.10.1' ],
21 silly audit   '@types/pg': [ '8.11.6' ],
21 silly audit   '@vercel/postgres': [ '0.10.0' ],
21 silly audit   accepts: [ '1.3.8' ],
21 silly audit   'array-flatten': [ '1.1.1' ],
21 silly audit   async: [ '3.2.6' ],
21 silly audit   'balanced-match': [ '1.0.2' ],
21 silly audit   'body-parser': [ '1.20.3' ],
21 silly audit   'brace-expansion': [ '2.0.2' ],
21 silly audit   bufferutil: [ '4.0.9' ],
21 silly audit   bytes: [ '3.1.2' ],
21 silly audit   'call-bind-apply-helpers': [ '1.0.2' ],
21 silly audit   'call-bound': [ '1.0.4' ],
21 silly audit   'content-disposition': [ '0.5.4' ],
21 silly audit   'content-type': [ '1.0.5' ],
21 silly audit   cookie: [ '0.7.1', '0.7.2' ],
21 silly audit   'cookie-signature': [ '1.0.6', '1.0.7' ],
21 silly audit   debug: [ '2.6.9' ],
21 silly audit   depd: [ '2.0.0' ],
21 silly audit   destroy: [ '1.2.0' ],
21 silly audit   'dunder-proto': [ '1.0.1' ],
21 silly audit   'ee-first': [ '1.1.1' ],
21 silly audit   ejs: [ '3.1.10' ],
21 silly audit   encodeurl: [ '2.0.0', '1.0.2' ],
21 silly audit   'es-define-property': [ '1.0.1' ],
21 silly audit   'es-errors': [ '1.3.0' ],
21 silly audit   'es-object-atoms': [ '1.1.1' ],
21 silly audit   'escape-html': [ '1.0.3' ],
21 silly audit   etag: [ '1.8.1' ],
21 silly audit   'express-session': [ '1.18.2' ],
21 silly audit   filelist: [ '1.0.4' ],
21 silly audit   finalhandler: [ '1.3.1' ],
21 silly audit   forwarded: [ '0.2.0' ],
21 silly audit   fresh: [ '0.5.2' ],
21 silly audit   'function-bind': [ '1.1.2' ],
21 silly audit   'get-intrinsic': [ '1.3.0' ],
21 silly audit   'get-proto': [ '1.0.1' ],
21 silly audit   gopd: [ '1.2.0' ],
21 silly audit   'has-symbols': [ '1.1.0' ],
21 silly audit   hasown: [ '2.0.2' ],
21 silly audit   'http-errors': [ '2.0.0' ],
21 silly audit   'iconv-lite': [ '0.4.24' ],
21 silly audit   inherits: [ '2.0.4' ],
21 silly audit   'ipaddr.js': [ '1.9.1' ],
21 silly audit   jake: [ '10.9.4' ],
21 silly audit   'math-intrinsics': [ '1.1.0' ],
21 silly audit   'media-typer': [ '0.3.0' ],
21 silly audit   'merge-descriptors': [ '1.0.3' ],
21 silly audit   methods: [ '1.1.2' ],
21 silly audit   mime: [ '1.6.0' ],
21 silly audit   'mime-db': [ '1.52.0' ],
21 silly audit   'mime-types': [ '2.1.35' ],
21 silly audit   minimatch: [ '5.1.6' ],
21 silly audit   ms: [ '2.0.0', '2.1.3' ],
21 silly audit   negotiator: [ '0.6.3' ],
21 silly audit   'node-gyp-build': [ '4.8.4' ],
21 silly audit   'object-inspect': [ '1.13.4' ],
21 silly audit   obuf: [ '1.1.2' ],
21 silly audit   'on-finished': [ '2.4.1' ],
21 silly audit   'on-headers': [ '1.1.0' ],
21 silly audit   parseurl: [ '1.3.3' ],
21 silly audit   'path-to-regexp': [ '0.1.12' ],
21 silly audit   'pg-int8': [ '1.0.1' ],
21 silly audit   'pg-numeric': [ '1.0.2' ],
21 silly audit   'pg-protocol': [ '1.10.3' ],
21 silly audit   'pg-types': [ '4.1.0' ],
21 silly audit   picocolors: [ '1.1.1' ],
21 silly audit   'postgres-array': [ '3.0.4' ],
21 silly audit   'postgres-bytea': [ '3.0.0' ],
21 silly audit   'postgres-date': [ '2.1.0' ],
21 silly audit   'postgres-interval': [ '3.0.0' ],
21 silly audit   'postgres-range': [ '1.1.4' ],
21 silly audit   'proxy-addr': [ '2.0.7' ],
21 silly audit   qs: [ '6.13.0' ],
21 silly audit   'random-bytes': [ '1.0.0' ],
21 silly audit   'range-parser': [ '1.2.1' ],
21 silly audit   'raw-body': [ '2.5.2' ],
21 silly audit   'safe-buffer': [ '5.2.1' ],
21 silly audit   'safer-buffer': [ '2.1.2' ],
21 silly audit   send: [ '0.19.0' ],
21 silly audit   'serve-static': [ '1.16.2' ],
21 silly audit   setprototypeof: [ '1.2.0' ],
21 silly audit   'side-channel': [ '1.1.0' ],
21 silly audit   'side-channel-list': [ '1.0.0' ],
21 silly audit   'side-channel-map': [ '1.0.1' ],
21 silly audit   'side-channel-weakmap': [ '1.0.2' ],
21 silly audit   statuses: [ '2.0.1' ],
21 silly audit   toidentifier: [ '1.0.1' ],
21 silly audit   'type-is': [ '1.6.18' ],
21 silly audit   'uid-safe': [ '2.1.5' ],
21 silly audit   'undici-types': [ '7.16.0' ],
21 silly audit   unpipe: [ '1.0.0' ],
21 silly audit   'utils-merge': [ '1.0.1' ],
21 silly audit   vary: [ '1.1.2' ],
21 silly audit   ws: [ '8.18.3' ],
21 silly audit   express: [ '4.21.2' ]
21 silly audit }
22 http fetch POST 200 https://registry.npmjs.org/-/npm/v1/security/advisories/bulk 281ms
23 silly audit report {}
24 verbose cwd C:\SERVIDOR\app-frauda
25 verbose os Windows_NT 10.0.22631
26 verbose node v22.18.0
27 verbose npm  v11.3.0
28 verbose exit 0
29 info ok
